This is pdfTeX, Version 3.14159265-2.6-1.40.16 (TeX Live 2015/Debian) (preloaded format=pdflatex 2017.8.23)  3 OCT 2018 13:28
entering extended mode
 restricted \write18 enabled.
 %&-line parsing enabled.
**draft.tex
(./draft.tex
LaTeX2e <2016/02/01>
Babel <3.9q> and hyphenation patterns for 3 language(s) loaded.
(/usr/share/texlive/texmf-dist/tex/latex/revtex/revtex4-1.cls
Document Class: revtex4-1 2010/07/25/20:33:00 4.1r (http://publish.aps.org/revt
ex4/ for documentation)
 Copyright (c) 2009 The American Physical Society.
 mailto:revtex@aps.org
 Licensed under the LPPL:
http://www.ctan.org/tex-archive/macros/latex/base/lppl.txt
 Arthur Ogawa <arthur_ogawa at sbcglobal dot net>
 Based on work by David Carlisle <david at dcarlisle.demon.co.uk>.
ltxutil[2010/07/25/20:33:00 4.1r utilities package (portions licensed from W. E
. Baxter web at superscript.com)]
LaTeX Info: Redefining \@centercr on input line 308.
Class revtex4-1 Info: Repairing broken LaTeX eqnarray on input line 358.
\eqncolsep=\skip41
Class revtex4-1 Info: Repairing hyperref-unfriendly LaTeX definition of \mpfoot
note on input line 433.
Class revtex4-1 Info: Repairing broken LateX \@sect on input line 755.
\intertabularlinepenalty=\count79
\@tbpen=\count80
\@arstrutbox@hline=\box26
Class revtex4-1 Info: Repairing broken LaTeX \@xbitor on input line 1786.
Class revtex4-1 Info: Making \typeout \long on input line 2046.
ltxfront[2010/07/25/20:33:00 4.1r frontmatter package (AO,DPC)]
\c@affil=\count81
\c@collab=\count82
\absbox=\box27
ltxgrid[2010/07/25/20:33:00 4.1r page grid package (portions licensed from W. E
. Baxter web at superscript.com)]
\c@linecount=\count83
\output@latex=\toks14
\box@size@1=\box28
\box@size@2=\box29
\@protection@box=\box30
\@topmark@saved=\toks15
\footins@saved=\box31
\footins@recovered=\box32
\column@recovered=\box33
\pagesofar=\box34
\footsofar=\box35
\pagegrid@col=\count84
Class revtex4-1 Info: Overriding \@vspace, \@vspacer, \@no@pgbk, \@newline, and
 \\  on input line 5578.
\c@part=\count85
\c@section=\count86
\c@subsection=\count87
\c@subsubsection=\count88
\c@paragraph=\count89
\c@subparagraph=\count90
\abovecaptionskip=\skip42
\belowcaptionskip=\skip43
\c@figure=\count91
\fbox@1=\box36
\c@table=\count92
\fbox@2=\box37
\c@video=\count93
\fbox@4=\box38
\@bibdataout=\write3
\widetext@top=\box39
\widetext@bot=\box40
Class revtex4-1 Info: Selecting society aps on input line 7542.
(/usr/share/texlive/texmf-dist/tex/latex/revtex/aps4-1.rtx
File: aps4-1 2010/07/25/20:33:00 4.1r (http://publish.aps.org/revtex4/ for docu
mentation)
Class revtex4-1 Info: RevTeX society APS selected on input line 31.
)
Class revtex4-1 Info: Selecting journal pre on input line 7544.
Class revtex4-1 Info: APS journal PRE selected on input line 7545.


Class revtex4-1 Warning: No type size specified, using default 10.

(/usr/share/texlive/texmf-dist/tex/latex/revtex/aps10pt4-1.rtx
File: aps10pt4-1 2010/07/25/20:33:00 4.1r (http://publish.aps.org/revtex4/ for 
documentation)
Class revtex4-1 Info: RevTeX pointsize 10pt selected on input line 30.
)
(/usr/share/texlive/texmf-dist/tex/latex/textcase/textcase.sty
Package: textcase 2004/10/07 v0.07 Text only upper/lower case changing (DPC)
)
(/usr/share/texlive/texmf-dist/tex/latex/url/url.sty
\Urlmuskip=\muskip10
Package: url 2013/09/16  ver 3.4  Verb mode for urls, etc.
)
(/usr/share/texlive/texmf-dist/tex/latex/natbib/natbib.sty
Package: natbib 2010/09/13 8.31b (PWD, AO)
\bibhang=\skip44
\bibsep=\skip45
LaTeX Info: Redefining \cite on input line 694.
\c@NAT@ctr=\count94
)
Class revtex4-1 Info: Repairing natbib's \BibitemShut on input line 7549.

(/usr/share/texlive/texmf-dist/tex/latex/revtex/revsymb4-1.sty
Package: revsymb4-1 2010/07/25/20:33:00 4.1r (http://publish.aps.org/revtex4/ f
or documentation)
LaTeX Info: Redefining \REV@mathfrak on input line 119.
))
(/usr/share/texlive/texmf-dist/tex/latex/graphics/graphicx.sty
Package: graphicx 2014/10/28 v1.0g Enhanced LaTeX Graphics (DPC,SPQR)

(/usr/share/texlive/texmf-dist/tex/latex/graphics/keyval.sty
Package: keyval 2014/10/28 v1.15 key=value parser (DPC)
\KV@toks@=\toks16
)
(/usr/share/texlive/texmf-dist/tex/latex/graphics/graphics.sty
Package: graphics 2016/01/03 v1.0q Standard LaTeX Graphics (DPC,SPQR)

(/usr/share/texlive/texmf-dist/tex/latex/graphics/trig.sty
Package: trig 2016/01/03 v1.10 sin cos tan (DPC)
)
(/usr/share/texlive/texmf-dist/tex/latex/latexconfig/graphics.cfg
File: graphics.cfg 2010/04/23 v1.9 graphics configuration of TeX Live
)
Package graphics Info: Driver file: pdftex.def on input line 95.

(/usr/share/texlive/texmf-dist/tex/latex/pdftex-def/pdftex.def
File: pdftex.def 2011/05/27 v0.06d Graphics/color for pdfTeX

(/usr/share/texlive/texmf-dist/tex/generic/oberdiek/infwarerr.sty
Package: infwarerr 2010/04/08 v1.3 Providing info/warning/error messages (HO)
)
(/usr/share/texlive/texmf-dist/tex/generic/oberdiek/ltxcmds.sty
Package: ltxcmds 2011/11/09 v1.22 LaTeX kernel commands for general use (HO)
)
\Gread@gobject=\count95
))
\Gin@req@height=\dimen102
\Gin@req@width=\dimen103
)
(/usr/share/texlive/texmf-dist/tex/latex/tools/dcolumn.sty
Package: dcolumn 2014/10/28 v1.06 decimal alignment package (DPC)

(/usr/share/texlive/texmf-dist/tex/latex/tools/array.sty
Package: array 2014/10/28 v2.4c Tabular extension package (FMi)
\col@sep=\dimen104
\extrarowheight=\dimen105
\NC@list=\toks17
\extratabsurround=\skip46
\backup@length=\skip47
))
(/usr/share/texlive/texmf-dist/tex/latex/tools/bm.sty
Package: bm 2014/10/28 v1.1c Bold Symbol Support (DPC/FMi)
\symboldoperators=\mathgroup4
\symboldletters=\mathgroup5
\symboldsymbols=\mathgroup6
LaTeX Font Info:    Redeclaring math alphabet \mathbf on input line 141.
LaTeX Info: Redefining \bm on input line 207.
)
(/usr/share/texlive/texmf-dist/tex/latex/multirow/multirow.sty
\bigstrutjot=\dimen106
)
(/usr/share/texlive/texmf-dist/tex/latex/caption/caption.sty
Package: caption 2016/02/21 v3.3-144 Customizing captions (AR)

(/usr/share/texlive/texmf-dist/tex/latex/caption/caption3.sty
Package: caption3 2016/02/04 v1.7-139 caption3 kernel (AR)
Package caption3 Info: TeX engine: e-TeX on input line 67.
\captionmargin=\dimen107
\captionmargin@=\dimen108
\captionwidth=\dimen109
\caption@tempdima=\dimen110
\caption@indent=\dimen111
\caption@parindent=\dimen112
\caption@hangindent=\dimen113
Package caption Info: Unknown document class (or package),
(caption)             standard defaults will be used.
)

Package caption Warning: Unsupported document class (or package) detected,
(caption)                usage of the caption package is not recommended.
See the caption package documentation for explanation.

Package caption Info: \@makecaption = \long macro:#1#2->\par \vskip \abovecapti
onskip \begingroup \small \rmfamily \sbox \@tempboxa {\let \\\heading@cr \@make
@capt@title {#1}{#2}}\@ifdim {\wd \@tempboxa >\hsize }{\begingroup \samepage \f
lushing \let \footnote \@footnotemark@gobble \@make@capt@title {#1}{#2}\par \en
dgroup }{\global \@minipagefalse \hb@xt@ \hsize {\hfil \unhbox \@tempboxa \hfil
 }}\endgroup \vskip \belowcaptionskip .
\c@ContinuedFloat=\count96
) (/usr/share/texlive/texmf-dist/tex/latex/amsmath/amsmath.sty
Package: amsmath 2016/03/03 v2.15a AMS math features
\@mathmargin=\skip48

For additional information on amsmath, use the `?' option.
(/usr/share/texlive/texmf-dist/tex/latex/amsmath/amstext.sty
Package: amstext 2000/06/29 v2.01 AMS text

(/usr/share/texlive/texmf-dist/tex/latex/amsmath/amsgen.sty
File: amsgen.sty 1999/11/30 v2.0 generic functions
\@emptytoks=\toks18
\ex@=\dimen114
)
LaTeX Info: Redefining \text on input line 28.
)
(/usr/share/texlive/texmf-dist/tex/latex/amsmath/amsbsy.sty
Package: amsbsy 1999/11/29 v1.2d Bold Symbols
LaTeX Info: Redefining \boldsymbol on input line 28.
\pmbraise@=\dimen115
)
(/usr/share/texlive/texmf-dist/tex/latex/amsmath/amsopn.sty
Package: amsopn 1999/12/14 v2.01 operator names
)
\inf@bad=\count97
LaTeX Info: Redefining \frac on input line 199.
\uproot@=\count98
\leftroot@=\count99
LaTeX Info: Redefining \overline on input line 297.
\classnum@=\count100
\DOTSCASE@=\count101
LaTeX Info: Redefining \ldots on input line 394.
LaTeX Info: Redefining \dots on input line 397.
LaTeX Info: Redefining \cdots on input line 518.
\Mathstrutbox@=\box41
\strutbox@=\box42
\big@size=\dimen116
LaTeX Font Info:    Redeclaring font encoding OML on input line 630.
LaTeX Font Info:    Redeclaring font encoding OMS on input line 631.
\macc@depth=\count102
\c@MaxMatrixCols=\count103
\dotsspace@=\muskip11
\c@parentequation=\count104
\dspbrk@lvl=\count105
\tag@help=\toks19
\row@=\count106
\column@=\count107
\maxfields@=\count108
\andhelp@=\toks20
\eqnshift@=\dimen117
\alignsep@=\dimen118
\tagshift@=\dimen119
\tagwidth@=\dimen120
\totwidth@=\dimen121
\lineht@=\dimen122
\@envbody=\toks21
\multlinegap=\skip49
\multlinetaggap=\skip50
\mathdisplay@stack=\toks22
LaTeX Info: Redefining \[ on input line 2735.
LaTeX Info: Redefining \] on input line 2736.
)
(/usr/share/texlive/texmf-dist/tex/latex/tools/hhline.sty
Package: hhline 2014/10/28 v2.03 Table rule package (DPC)
)
(/usr/share/texlive/texmf-dist/tex/latex/graphics/color.sty
Package: color 2016/01/03 v1.1b Standard LaTeX Color (DPC)

(/usr/share/texlive/texmf-dist/tex/latex/latexconfig/color.cfg
File: color.cfg 2007/01/18 v1.5 color configuration of teTeX/TeXLive
)
Package color Info: Driver file: pdftex.def on input line 143.
)
(/usr/share/texlive/texmf-dist/tex/latex/xcolor/xcolor.sty
Package: xcolor 2007/01/21 v2.11 LaTeX color extensions (UK)

(/usr/share/texlive/texmf-dist/tex/latex/latexconfig/color.cfg
File: color.cfg 2007/01/18 v1.5 color configuration of teTeX/TeXLive
)
Package xcolor Info: Driver file: pdftex.def on input line 225.
LaTeX Info: Redefining \color on input line 702.
Package xcolor Info: Model `cmy' substituted by `cmy0' on input line 1337.
Package xcolor Info: Model `hsb' substituted by `rgb' on input line 1341.
Package xcolor Info: Model `RGB' extended on input line 1353.
Package xcolor Info: Model `HTML' substituted by `rgb' on input line 1355.
Package xcolor Info: Model `Hsb' substituted by `hsb' on input line 1356.
Package xcolor Info: Model `tHsb' substituted by `hsb' on input line 1357.
Package xcolor Info: Model `HSB' substituted by `hsb' on input line 1358.
Package xcolor Info: Model `Gray' substituted by `gray' on input line 1359.
Package xcolor Info: Model `wave' substituted by `hsb' on input line 1360.
)
(/usr/share/texlive/texmf-dist/tex/generic/ulem/ulem.sty
\UL@box=\box43
\UL@hyphenbox=\box44
\UL@skip=\skip51
\UL@hook=\toks23
\UL@height=\dimen123
\UL@pe=\count109
\UL@pixel=\dimen124
\ULC@box=\box45
Package: ulem 2012/05/18
\ULdepth=\dimen125
)
(/usr/share/texlive/texmf-dist/tex/latex/caption/subcaption.sty
Package: subcaption 2016/02/20 v1.1-142 Sub-captions (AR)
\c@subfigure=\count110
\c@subtable=\count111
)
(/usr/share/texlive/texmf-dist/tex/latex/easy/easytable.sty
Document Style `easytable' v1.0 <2001/06/13>.
(/usr/share/texlive/texmf-dist/tex/latex/easy/easy.sty
Document Style `easy' v1.1 <2001/05/31>.
Package: easy 2001/05/31 v1.1
\@easy@level=\count112
\@easy@ncol=\count113
\@easy@nrow=\count114
\@easy@cnt=\count115
\@easy@boxviii=\box46
\@easy@minxviii=\dimen126
\@easy@minyviii=\dimen127
\@easy@maxxviii=\dimen128
\@easy@maxyviii=\dimen129
\@easy@boxvii=\box47
\@easy@minxvii=\dimen130
\@easy@minyvii=\dimen131
\@easy@maxxvii=\dimen132
\@easy@maxyvii=\dimen133
\@easy@boxvi=\box48
\@easy@minxvi=\dimen134
\@easy@minyvi=\dimen135
\@easy@maxxvi=\dimen136
\@easy@maxyvi=\dimen137
\@easy@boxv=\box49
\@easy@minxv=\dimen138
\@easy@minyv=\dimen139
\@easy@maxxv=\dimen140
\@easy@maxyv=\dimen141
\@easy@boxiv=\box50
\@easy@minxiv=\dimen142
\@easy@minyiv=\dimen143
\@easy@maxxiv=\dimen144
\@easy@maxyiv=\dimen145
\@easy@boxiii=\box51
\@easy@minxiii=\dimen146
\@easy@minyiii=\dimen147
\@easy@maxxiii=\dimen148
\@easy@maxyiii=\dimen149
\@easy@boxii=\box52
\@easy@minxii=\dimen150
\@easy@minyii=\dimen151
\@easy@maxxii=\dimen152
\@easy@maxyii=\dimen153
\@easy@boxi=\box53
\@easy@minxi=\dimen154
\@easy@minyi=\dimen155
\@easy@maxxi=\dimen156
\@easy@maxyi=\dimen157
\@easy@hsizexxx=\dimen158
\@easy@vsizexxx=\dimen159
\@easy@hsizexxix=\dimen160
\@easy@vsizexxix=\dimen161
\@easy@hsizexxviii=\dimen162
\@easy@vsizexxviii=\dimen163
\@easy@hsizexxvii=\dimen164
\@easy@vsizexxvii=\dimen165
\@easy@hsizexxvi=\dimen166
\@easy@vsizexxvi=\dimen167
\@easy@hsizexxv=\dimen168
\@easy@vsizexxv=\dimen169
\@easy@hsizexxiv=\dimen170
\@easy@vsizexxiv=\dimen171
\@easy@hsizexxiii=\dimen172
\@easy@vsizexxiii=\dimen173
\@easy@hsizexxii=\dimen174
\@easy@vsizexxii=\dimen175
\@easy@hsizexxi=\dimen176
\@easy@vsizexxi=\dimen177
\@easy@hsizexx=\dimen178
\@easy@vsizexx=\dimen179
\@easy@hsizexix=\dimen180
\@easy@vsizexix=\dimen181
\@easy@hsizexviii=\dimen182
\@easy@vsizexviii=\dimen183
\@easy@hsizexvii=\dimen184
\@easy@vsizexvii=\dimen185
\@easy@hsizexvi=\dimen186
\@easy@vsizexvi=\dimen187
\@easy@hsizexv=\dimen188
\@easy@vsizexv=\dimen189
\@easy@hsizexiv=\dimen190
\@easy@vsizexiv=\dimen191
\@easy@hsizexiii=\dimen192
\@easy@vsizexiii=\dimen193
\@easy@hsizexii=\dimen194
\@easy@vsizexii=\dimen195
\@easy@hsizexi=\dimen196
\@easy@vsizexi=\dimen197
\@easy@hsizex=\dimen198
\@easy@vsizex=\dimen199
\@easy@hsizeix=\dimen256
\@easy@vsizeix=\dimen257
\@easy@hsizeviii=\dimen258
\@easy@vsizeviii=\dimen259
\@easy@hsizevii=\dimen260
\@easy@vsizevii=\dimen261
\@easy@hsizevi=\dimen262
\@easy@vsizevi=\dimen263
\@easy@hsizev=\dimen264
\@easy@vsizev=\dimen265
\@easy@hsizeiv=\dimen266
\@easy@vsizeiv=\dimen267
\@easy@hsizeiii=\dimen268
\@easy@vsizeiii=\dimen269
\@easy@hsizeii=\dimen270
\@easy@vsizeii=\dimen271
\@easy@hsizei=\dimen272
\@easy@vsizei=\dimen273
\@easy@dash@len=\dimen274
\@easy@dash@sep=\dimen275
)
Package: easytable 2001/05/31v1.1
\@tab@size@rule=\dimen276
\@tab@size@dash=\dimen277
)
Class revtex4-1 Info: Patching array package. on input line 44.
Class revtex4-1 Info: Robustifying \LaTeX's \boldmath command on input line 44.

Class revtex4-1 Info: cite was not loaded (OK!) on input line 44.
Class revtex4-1 Info: mcite was not loaded (OK!) on input line 44.
Class revtex4-1 Info: multicol was not loaded (OK!) on input line 44.
 (./draft.aux)
\openout1 = `draft.aux'.

LaTeX Font Info:    Checking defaults for OML/cmm/m/it on input line 44.
LaTeX Font Info:    ... okay on input line 44.
LaTeX Font Info:    Checking defaults for T1/cmr/m/n on input line 44.
LaTeX Font Info:    ... okay on input line 44.
LaTeX Font Info:    Checking defaults for OT1/cmr/m/n on input line 44.
LaTeX Font Info:    ... okay on input line 44.
LaTeX Font Info:    Checking defaults for OMS/cmsy/m/n on input line 44.
LaTeX Font Info:    ... okay on input line 44.
LaTeX Font Info:    Checking defaults for OMX/cmex/m/n on input line 44.
LaTeX Font Info:    ... okay on input line 44.
LaTeX Font Info:    Checking defaults for U/cmr/m/n on input line 44.
LaTeX Font Info:    ... okay on input line 44.
 (/usr/share/texlive/texmf-dist/tex/context/base/supp-pdf.mkii
[Loading MPS to PDF converter (version 2006.09.02).]
\scratchcounter=\count116
\scratchdimen=\dimen278
\scratchbox=\box54
\nofMPsegments=\count117
\nofMParguments=\count118
\everyMPshowfont=\toks24
\MPscratchCnt=\count119
\MPscratchDim=\dimen279
\MPnumerator=\count120
\makeMPintoPDFobject=\count121
\everyMPtoPDFconversion=\toks25
) (/usr/share/texlive/texmf-dist/tex/generic/oberdiek/pdftexcmds.sty
Package: pdftexcmds 2011/11/29 v0.20 Utility functions of pdfTeX for LuaTeX (HO
)

(/usr/share/texlive/texmf-dist/tex/generic/oberdiek/ifluatex.sty
Package: ifluatex 2010/03/01 v1.3 Provides the ifluatex switch (HO)
Package ifluatex Info: LuaTeX not detected.
)
(/usr/share/texlive/texmf-dist/tex/generic/oberdiek/ifpdf.sty
Package: ifpdf 2011/01/30 v2.3 Provides the ifpdf switch (HO)
Package ifpdf Info: pdfTeX in PDF mode is detected.
)
Package pdftexcmds Info: LuaTeX not detected.
Package pdftexcmds Info: \pdf@primitive is available.
Package pdftexcmds Info: \pdf@ifprimitive is available.
Package pdftexcmds Info: \pdfdraftmode found.
)
(/usr/share/texlive/texmf-dist/tex/latex/oberdiek/epstopdf-base.sty
Package: epstopdf-base 2010/02/09 v2.5 Base part for package epstopdf

(/usr/share/texlive/texmf-dist/tex/latex/oberdiek/grfext.sty
Package: grfext 2010/08/19 v1.1 Manage graphics extensions (HO)

(/usr/share/texlive/texmf-dist/tex/generic/oberdiek/kvdefinekeys.sty
Package: kvdefinekeys 2011/04/07 v1.3 Define keys (HO)
))
(/usr/share/texlive/texmf-dist/tex/latex/oberdiek/kvoptions.sty
Package: kvoptions 2011/06/30 v3.11 Key value format for package options (HO)

(/usr/share/texlive/texmf-dist/tex/generic/oberdiek/kvsetkeys.sty
Package: kvsetkeys 2012/04/25 v1.16 Key value parser (HO)

(/usr/share/texlive/texmf-dist/tex/generic/oberdiek/etexcmds.sty
Package: etexcmds 2011/02/16 v1.5 Avoid name clashes with e-TeX commands (HO)
Package etexcmds Info: Could not find \expanded.
(etexcmds)             That can mean that you are not using pdfTeX 1.50 or
(etexcmds)             that some package has redefined \expanded.
(etexcmds)             In the latter case, load this package earlier.
)))
Package grfext Info: Graphics extension search list:
(grfext)             [.png,.pdf,.jpg,.mps,.jpeg,.jbig2,.jb2,.PNG,.PDF,.JPG,.JPE
G,.JBIG2,.JB2,.eps]
(grfext)             \AppendGraphicsExtensions on input line 452.

(/usr/share/texlive/texmf-dist/tex/latex/latexconfig/epstopdf-sys.cfg
File: epstopdf-sys.cfg 2010/07/13 v1.3 Configuration of (r)epstopdf for TeX Liv
e
))
Package caption Info: Begin \AtBeginDocument code.
Package caption Info: End \AtBeginDocument code.
\openout3 = `draftNotes.bib'.



Class revtex4-1 Warning: Assuming \noaffiliation for authors.

<plots/schematic_of_networks.png, id=1, 756.8275pt x 265.99374pt>
File: plots/schematic_of_networks.png Graphic file (type png)

<use plots/schematic_of_networks.png>
Package pdftex.def Info: plots/schematic_of_networks.png used on input line 83.

(pdftex.def)             Requested size: 378.41283pt x 132.99654pt.
LaTeX Font Info:    Try loading font information for OMS+cmr on input line 102.


(/usr/share/texlive/texmf-dist/tex/latex/base/omscmr.fd
File: omscmr.fd 2014/09/29 v2.5h Standard LaTeX font definitions
)
LaTeX Font Info:    Font shape `OMS/cmr/m/n' in size <10> not available
(Font)              Font shape `OMS/cmsy/m/n' tried instead on input line 102.

Underfull \hbox (badness 2689) in paragraph at lines 108--109
 []\OT1/cmr/m/n/10 Waiting time dis-tri-bu-tion for con-sec-u-tive co-
 []


Underfull \hbox (badness 2689) in paragraph at lines 109--110
 []\OT1/cmr/m/n/10 Waiting time dis-tri-bu-tion for con-sec-u-tive co-
 []

<plots/goals.png, id=2, 810.02625pt x 196.735pt>
File: plots/goals.png Graphic file (type png)
 <use plots/goals.png>
Package pdftex.def Info: plots/goals.png used on input line 115.
(pdftex.def)             Requested size: 226.8058pt x 55.08542pt.

Underfull \hbox (badness 10000) in paragraph at lines 134--137

 []

[1{/var/lib/texmf/fonts/map/pdftex/updmap/pdftex.map}]
Underfull \hbox (badness 10000) in paragraph at lines 140--143

 []

<plots/matrix_schematic.png, id=19, 581.17125pt x 506.89375pt>
File: plots/matrix_schematic.png Graphic file (type png)

<use plots/matrix_schematic.png>
Package pdftex.def Info: plots/matrix_schematic.png used on input line 148.
(pdftex.def)             Requested size: 232.46437pt x 202.7539pt.

<plots/cit_dnot1.pdf, id=20, 433.62pt x 289.08pt>
File: plots/cit_dnot1.pdf Graphic file (type pdf)
 <use plots/cit_dnot1.pdf>
Package pdftex.def Info: plots/cit_dnot1.pdf used on input line 170.
(pdftex.def)             Requested size: 195.1272pt x 130.0848pt.

<plots/d1_zcit.pdf, id=21, 433.62pt x 289.08pt>
File: plots/d1_zcit.pdf Graphic file (type pdf)
 <use plots/d1_zcit.pdf>
Package pdftex.def Info: plots/d1_zcit.pdf used on input line 181.
(pdftex.def)             Requested size: 195.1272pt x 130.0848pt.

[2 <./plots/schematic_of_networks.png> <./plots/goals.png> <./plots/matrix_sche
matic.png>]

LaTeX Warning: A float is stuck (cannot be placed); try class option [floatfix]
 on input line 190.

<plots/rec.pdf, id=28, 433.62pt x 289.08pt>
File: plots/rec.pdf Graphic file (type pdf)
 <use plots/rec.pdf>
Package pdftex.def Info: plots/rec.pdf used on input line 193.
(pdftex.def)             Requested size: 195.1272pt x 130.0848pt.

<plots/Dij_dist_hist_1990.pdf, id=29, 433.62pt x 433.62pt>
File: plots/Dij_dist_hist_1990.pdf Graphic file (type pdf)

<use plots/Dij_dist_hist_1990.pdf>
Package pdftex.def Info: plots/Dij_dist_hist_1990.pdf used on input line 222.
(pdftex.def)             Requested size: 143.09503pt x 143.09503pt.

<plots/Dij_dist_hist_2000.pdf, id=30, 433.62pt x 289.08pt>
File: plots/Dij_dist_hist_2000.pdf Graphic file (type pdf)

<use plots/Dij_dist_hist_2000.pdf>
Package pdftex.def Info: plots/Dij_dist_hist_2000.pdf used on input line 223.
(pdftex.def)             Requested size: 143.09503pt x 95.39668pt.

<plots/Dij_dist_hist_2013.pdf, id=31, 433.62pt x 289.08pt>
File: plots/Dij_dist_hist_2013.pdf Graphic file (type pdf)

<use plots/Dij_dist_hist_2013.pdf>
Package pdftex.def Info: plots/Dij_dist_hist_2013.pdf used on input line 224.
(pdftex.def)             Requested size: 143.09503pt x 95.39668pt.

<plots/fig1.pdf, id=32, 433.62pt x 289.08pt>
File: plots/fig1.pdf Graphic file (type pdf)
 <use plots/fig1.pdf>
Package pdftex.def Info: plots/fig1.pdf used on input line 237.
(pdftex.def)             Requested size: 212.47566pt x 141.65044pt.

<plots/fig2.pdf, id=33, 433.62pt x 289.08pt>
File: plots/fig2.pdf Graphic file (type pdf)
 <use plots/fig2.pdf>
Package pdftex.def Info: plots/fig2.pdf used on input line 247.
(pdftex.def)             Requested size: 212.47566pt x 141.65044pt.

<plots/fig3.pdf, id=34, 433.62pt x 289.08pt>
File: plots/fig3.pdf Graphic file (type pdf)
 <use plots/fig3.pdf>
Package pdftex.def Info: plots/fig3.pdf used on input line 248.
(pdftex.def)             Requested size: 212.47566pt x 141.65044pt.
 [3 <./plots/cit_dnot1.pdf> <./plots/d1_zcit.pdf

pdfTeX warning: /usr/bin/pdflatex (file ./plots/d1_zcit.pdf): PDF inclusion: mu
ltiple pdfs with page group included in a single page
> <./plots/rec.pdf

pdfTeX warning: /usr/bin/pdflatex (file ./plots/rec.pdf): PDF inclusion: multip
le pdfs with page group included in a single page
>] <plots/d1.png, id=130, 433.62pt x 289.08pt>
File: plots/d1.png Graphic file (type png)
 <use plots/d1.png>
Package pdftex.def Info: plots/d1.png used on input line 268.
(pdftex.def)             Requested size: 212.47566pt x 141.65044pt.

<plots/aging_in_colab.pdf, id=132, 433.62pt x 289.08pt>
File: plots/aging_in_colab.pdf Graphic file (type pdf)

<use plots/aging_in_colab.pdf>
Package pdftex.def Info: plots/aging_in_colab.pdf used on input line 269.
(pdftex.def)             Requested size: 212.47566pt x 141.65044pt.
 <plots/d2.png, id=133, 433.62pt x 289.08pt>
File: plots/d2.png Graphic file (type png)

<use plots/d2.png>
Package pdftex.def Info: plots/d2.png used on input line 279.
(pdftex.def)             Requested size: 212.47566pt x 141.65044pt.
 <plots/d2_avg.png, id=134, 433.62pt x 289.08pt>
File: plots/d2_avg.png Graphic file (type png)

<use plots/d2_avg.png>
Package pdftex.def Info: plots/d2_avg.png used on input line 280.
(pdftex.def)             Requested size: 212.47566pt x 141.65044pt.

No file draft.bbl.
[4 <./plots/Dij_dist_hist_1990.pdf> <./plots/Dij_dist_hist_2000.pdf

pdfTeX warning: /usr/bin/pdflatex (file ./plots/Dij_dist_hist_2000.pdf): PDF in
clusion: multiple pdfs with page group included in a single page
> <./plots/Dij_dist_hist_2013.pdf

pdfTeX warning: /usr/bin/pdflatex (file ./plots/Dij_dist_hist_2013.pdf): PDF in
clusion: multiple pdfs with page group included in a single page
> <./plots/fig1.pdf

pdfTeX warning: /usr/bin/pdflatex (file ./plots/fig1.pdf): PDF inclusion: multi
ple pdfs with page group included in a single page
>] [5 <./plots/fig2.pdf> <./plots/fig3.pdf

pdfTeX warning: /usr/bin/pdflatex (file ./plots/fig3.pdf): PDF inclusion: multi
ple pdfs with page group included in a single page
> <./plots/d1.png> <./plots/aging_in_colab.pdf

pdfTeX warning: /usr/bin/pdflatex (file ./plots/aging_in_colab.pdf): PDF inclus
ion: multiple pdfs with page group included in a single page
> <./plots/d2.png> <./plots/d2_avg.png>] (./draft.aux) ) 
Here is how much of TeX's memory you used:
 6211 strings out of 494953
 87170 string characters out of 6180977
 177637 words of memory out of 5000000
 9384 multiletter control sequences out of 15000+600000
 12636 words of font info for 45 fonts, out of 8000000 for 9000
 14 hyphenation exceptions out of 8191
 38i,8n,38p,694b,334s stack positions out of 5000i,500n,10000p,200000b,80000s
</usr/share/texlive/tex
mf-dist/fonts/type1/public/amsfonts/cm/cmbx12.pfb></usr/share/texlive/texmf-dis
t/fonts/type1/public/amsfonts/cm/cmbx9.pfb></usr/share/texlive/texmf-dist/fonts
/type1/public/amsfonts/cm/cmex10.pfb></usr/share/texlive/texmf-dist/fonts/type1
/public/amsfonts/cm/cmmi10.pfb></usr/share/texlive/texmf-dist/fonts/type1/publi
c/amsfonts/cm/cmmi5.pfb></usr/share/texlive/texmf-dist/fonts/type1/public/amsfo
nts/cm/cmmi7.pfb></usr/share/texlive/texmf-dist/fonts/type1/public/amsfonts/cm/
cmr10.pfb></usr/share/texlive/texmf-dist/fonts/type1/public/amsfonts/cm/cmr7.pf
b></usr/share/texlive/texmf-dist/fonts/type1/public/amsfonts/cm/cmr8.pfb></usr/
share/texlive/texmf-dist/fonts/type1/public/amsfonts/cm/cmr9.pfb></usr/share/te
xlive/texmf-dist/fonts/type1/public/amsfonts/cm/cmsy10.pfb></usr/share/texlive/
texmf-dist/fonts/type1/public/amsfonts/cm/cmsy6.pfb></usr/share/texlive/texmf-d
ist/fonts/type1/public/amsfonts/cm/cmsy7.pfb></usr/share/texlive/texmf-dist/fon
ts/type1/public/amsfonts/cm/cmti9.pfb>
Output written on draft.pdf (5 pages, 366137 bytes).
PDF statistics:
 463 PDF objects out of 1000 (max. 8388607)
 156 compressed objects within 2 object streams
 0 named destinations out of 1000 (max. 500000)
 81 words of extra memory for PDF output out of 10000 (max. 10000000)

